<?xml version="1.0" encoding="UTF-8"?>
<!-- Generated by org.testng.reporters.JUnitXMLReporter -->
<testsuite hostname="ATMECSINLT-404" ignored="0" name="Default test" tests="3" failures="0" timestamp="2020-09-30T11:08:59 IST" time="28.635" errors="0">
  <testcase name="login" time="10.288" classname="com.atmecs.dataprovider.demo.FormTest"/>
  <testcase name="login" time="9.776" classname="com.atmecs.dataprovider.demo.FormTest"/>
  <testcase name="login" time="7.56" classname="com.atmecs.dataprovider.demo.FormTest"/>
</testsuite> <!-- Default test -->
