<?xml version="1.0" encoding="UTF-8"?>
<!-- Generated by org.testng.reporters.JUnitXMLReporter -->
<testsuite hostname="ATMECSINLT-404" ignored="0" name="Default test" tests="3" failures="0" timestamp="2020-10-01T21:47:35 IST" time="22.086" errors="0">
  <testcase name="Fblogin" time="0.405" classname="com.atmecs.dataprovider.demo.TestDataprovider"/>
  <testcase name="Fblogin" time="0.419" classname="com.atmecs.dataprovider.demo.TestDataprovider"/>
  <testcase name="Fblogin" time="0.58" classname="com.atmecs.dataprovider.demo.TestDataprovider"/>
</testsuite> <!-- Default test -->
