<?xml version="1.0" encoding="UTF-8"?>
<testng-results skipped="0" failed="0" ignored="0" total="3" passed="3">
  <reporter-output>
  </reporter-output>
  <suite name="Default suite" duration-ms="22086" started-at="2020-10-01T21:47:13 IST" finished-at="2020-10-01T21:47:35 IST">
    <groups>
    </groups>
    <test name="Default test" duration-ms="22086" started-at="2020-10-01T21:47:13 IST" finished-at="2020-10-01T21:47:35 IST">
      <class name="com.atmecs.dataprovider.demo.TestDataprovider">
        <test-method status="PASS" signature="setup()[pri:0, instance:com.atmecs.dataprovider.demo.TestDataprovider@2a17b7b6]" name="setup" is-config="true" duration-ms="7186" started-at="2020-10-01T21:47:13 IST" finished-at="2020-10-01T21:47:20 IST">
          <reporter-output>
          </reporter-output>
        </test-method> <!-- setup -->
        <test-method status="PASS" signature="Fblogin(java.lang.String, java.lang.String)[pri:0, instance:com.atmecs.dataprovider.demo.TestDataprovider@2a17b7b6]" name="Fblogin" duration-ms="405" started-at="2020-10-01T21:47:20 IST" data-provider="testdata" finished-at="2020-10-01T21:47:21 IST">
          <params>
            <param index="0">
              <value>
                <![CDATA[bhavani]]>
              </value>
            </param>
            <param index="1">
              <value>
                <![CDATA[pwd1]]>
              </value>
            </param>
          </params>
          <reporter-output>
          </reporter-output>
        </test-method> <!-- Fblogin -->
        <test-method status="PASS" signature="setup()[pri:0, instance:com.atmecs.dataprovider.demo.TestDataprovider@2a17b7b6]" name="setup" is-config="true" duration-ms="6649" started-at="2020-10-01T21:47:21 IST" finished-at="2020-10-01T21:47:27 IST">
          <reporter-output>
          </reporter-output>
        </test-method> <!-- setup -->
        <test-method status="PASS" signature="Fblogin(java.lang.String, java.lang.String)[pri:0, instance:com.atmecs.dataprovider.demo.TestDataprovider@2a17b7b6]" name="Fblogin" duration-ms="419" started-at="2020-10-01T21:47:27 IST" data-provider="testdata" finished-at="2020-10-01T21:47:28 IST">
          <params>
            <param index="0">
              <value>
                <![CDATA[user2]]>
              </value>
            </param>
            <param index="1">
              <value>
                <![CDATA[pwd2]]>
              </value>
            </param>
          </params>
          <reporter-output>
          </reporter-output>
        </test-method> <!-- Fblogin -->
        <test-method status="PASS" signature="setup()[pri:0, instance:com.atmecs.dataprovider.demo.TestDataprovider@2a17b7b6]" name="setup" is-config="true" duration-ms="6772" started-at="2020-10-01T21:47:28 IST" finished-at="2020-10-01T21:47:34 IST">
          <reporter-output>
          </reporter-output>
        </test-method> <!-- setup -->
        <test-method status="PASS" signature="Fblogin(java.lang.String, java.lang.String)[pri:0, instance:com.atmecs.dataprovider.demo.TestDataprovider@2a17b7b6]" name="Fblogin" duration-ms="580" started-at="2020-10-01T21:47:34 IST" data-provider="testdata" finished-at="2020-10-01T21:47:35 IST">
          <params>
            <param index="0">
              <value>
                <![CDATA[user3]]>
              </value>
            </param>
            <param index="1">
              <value>
                <![CDATA[pwd3]]>
              </value>
            </param>
          </params>
          <reporter-output>
          </reporter-output>
        </test-method> <!-- Fblogin -->
      </class> <!-- com.atmecs.dataprovider.demo.TestDataprovider -->
    </test> <!-- Default test -->
  </suite> <!-- Default suite -->
</testng-results>
